Step 0.0 CFL 0.003584280892312468 enstrophy 17.83985726773133
Step 0.999 CFL 0.04069535456594423 enstrophy 71.98655901952851
Step 1.998 CFL 0.07542608617462652 enstrophy 257.45165265841285
Step 2.997 CFL 0.1067424844840346 enstrophy 523.7781959150482
Step 3.996 CFL 0.13583225970162907 enstrophy 843.4885187942949
Step 4.995 CFL 0.16304105995456022 enstrophy 1178.3921037259688
Step 5.994 CFL 0.19066843037234107 enstrophy 1141.6731654243858
Step 6.993 CFL 0.21783576392998327 enstrophy 916.0476431221191
Step 7.992 CFL 0.238917259838165 enstrophy 569.9702524108073
Step 8.991 CFL 0.2311093063210398 enstrophy 479.3609194426973
Step 9.99 CFL 0.1924652408700736 enstrophy 346.5723123042432
Step 10.989 CFL 0.17765768598579548 enstrophy 289.7951234734889
Step 11.988 CFL 0.1573626981862416 enstrophy 268.04057779389115
Step 12.987 CFL 0.1602845400323852 enstrophy 247.95315011231926
Step 13.986 CFL 0.1656597473758155 enstrophy 241.96220917794022
Step 14.985 CFL 0.1844331890119693 enstrophy 229.95506658127826
Step 15.984 CFL 0.20928994150911678 enstrophy 206.6548161201538
Step 16.983 CFL 0.19049543692411414 enstrophy 207.48862996030215
Step 17.982 CFL 0.21661198479124177 enstrophy 214.31026825731365
Step 18.981 CFL 0.20126156485226682 enstrophy 211.84790962383207
Step 19.98 CFL 0.19987449394279364 enstrophy 227.89806111831575
Step 20.979 CFL 0.2069260651292555 enstrophy 235.47245963478701
Step 21.978 CFL 0.20725471311392457 enstrophy 224.81713151851713
Step 22.977 CFL 0.2233969760773534 enstrophy 205.66914443834781
Step 23.976 CFL 0.24131324269186524 enstrophy 210.4454848188756
Step 24.975 CFL 0.23119027957418767 enstrophy 242.8655006981989
Step 25.974 CFL 0.2154700299735804 enstrophy 275.2887198745995
Step 26.973 CFL 0.2490040709432846 enstrophy 272.3453280172404
Step 27.972 CFL 0.23461467243784465 enstrophy 281.3807833762453
Step 28.971 CFL 0.23459757525958863 enstrophy 292.3985823772855
Step 29.97 CFL 0.2518108482085071 enstrophy 300.41230427448085
Step 30.969 CFL 0.23368588971388413 enstrophy 317.98374708897427
Step 31.968 CFL 0.27570076786792413 enstrophy 354.21830162388454
Step 32.967 CFL 0.258485956625517 enstrophy 347.0666311872556
Step 33.966 CFL 0.2259625793717564 enstrophy 282.0429040595748
Step 34.965 CFL 0.2299470687272218 enstrophy 235.4189198120565
Step 35.964 CFL 0.24541289316839962 enstrophy 249.3395867413499
Step 36.963 CFL 0.2514803286929897 enstrophy 305.58709434722925
Step 37.962 CFL 0.24047954376314506 enstrophy 350.4933903764243
Step 38.961 CFL 0.23318951109209876 enstrophy 361.9407744778088
Step 39.96 CFL 0.21972532234664585 enstrophy 391.9305358266426
Step 40.959 CFL 0.24811850198278362 enstrophy 388.12563445984324
Step 41.958 CFL 0.27085089678538393 enstrophy 322.77451184536056
NaN detected
(1024, 1, 2, 256, 256)
